<?xml version="1.0" encoding="utf-8"?>
<coverage line-rate="0.93999999999999995" branch-rate="0" complexity="0" branches-covered="0" branches-valid="0" timestamp="1772789320" lines-covered="188" lines-valid="200" version="0">
  <sources>
    <source>D:</source>
  </sources>
  <packages>
    <package name="D:\projects\Hahaha\build_coverage\tests\Debug\hahaha_tests.exe" line-rate="0.93999999999999995" branch-rate="0" complexity="0">
      <classes>
        <class name="LogColor.h" filename="projects\Hahaha\core\include\utils\log\LogColor.h" line-rate="1" branch-rate="0" complexity="0">
          <methods/>
          <lines>
            <line number="45" hits="1"/>
            <line number="46" hits="1"/>
            <line number="48" hits="1"/>
            <line number="50" hits="1"/>
            <line number="52" hits="1"/>
            <line number="54" hits="1"/>
            <line number="56" hits="1"/>
            <line number="58" hits="1"/>
            <line number="60" hits="1"/>
            <line number="62" hits="1"/>
            <line number="64" hits="1"/>
            <line number="66" hits="1"/>
            <line number="68" hits="1"/>
          </lines>
        </class>
        <class name="LogLevel.h" filename="projects\Hahaha\core\include\utils\log\LogLevel.h" line-rate="1" branch-rate="0" complexity="0">
          <methods/>
          <lines>
            <line number="49" hits="1"/>
            <line number="50" hits="1"/>
            <line number="52" hits="1"/>
            <line number="54" hits="1"/>
            <line number="56" hits="1"/>
            <line number="58" hits="1"/>
            <line number="60" hits="1"/>
            <line number="62" hits="1"/>
            <line number="64" hits="1"/>
            <line number="65" hits="1"/>
            <line number="81" hits="1"/>
            <line number="82" hits="1"/>
            <line number="84" hits="1"/>
            <line number="86" hits="1"/>
            <line number="88" hits="1"/>
            <line number="90" hits="1"/>
            <line number="92" hits="1"/>
            <line number="94" hits="1"/>
            <line number="96" hits="1"/>
            <line number="97" hits="1"/>
          </lines>
        </class>
        <class name="LogMessageEntry.h" filename="projects\Hahaha\core\include\utils\log\LogMessageEntry.h" line-rate="1" branch-rate="0" complexity="0">
          <methods/>
          <lines>
            <line number="43" hits="1"/>
            <line number="44" hits="1"/>
            <line number="51" hits="1"/>
            <line number="52" hits="1"/>
            <line number="53" hits="1"/>
            <line number="59" hits="1"/>
            <line number="60" hits="1"/>
            <line number="61" hits="1"/>
            <line number="67" hits="1"/>
            <line number="68" hits="1"/>
            <line number="69" hits="1"/>
            <line number="75" hits="1"/>
            <line number="76" hits="1"/>
            <line number="77" hits="1"/>
            <line number="83" hits="1"/>
            <line number="84" hits="1"/>
            <line number="85" hits="1"/>
            <line number="91" hits="1"/>
            <line number="92" hits="1"/>
            <line number="93" hits="1"/>
          </lines>
        </class>
        <class name="Logger.h" filename="projects\Hahaha\core\include\utils\log\Logger.h" line-rate="0.88571428571428568" branch-rate="0" complexity="0">
          <methods/>
          <lines>
            <line number="60" hits="1"/>
            <line number="61" hits="1"/>
            <line number="62" hits="1"/>
            <line number="63" hits="1"/>
            <line number="65" hits="1"/>
            <line number="66" hits="1"/>
            <line number="71" hits="1"/>
            <line number="72" hits="1"/>
            <line number="73" hits="0"/>
            <line number="74" hits="0"/>
            <line number="75" hits="0"/>
            <line number="76" hits="0"/>
            <line number="79" hits="1"/>
            <line number="80" hits="0"/>
            <line number="82" hits="1"/>
            <line number="88" hits="1"/>
            <line number="89" hits="1"/>
            <line number="90" hits="1"/>
            <line number="91" hits="1"/>
            <line number="97" hits="1"/>
            <line number="98" hits="1"/>
            <line number="99" hits="1"/>
            <line number="100" hits="1"/>
            <line number="101" hits="1"/>
            <line number="102" hits="1"/>
            <line number="103" hits="1"/>
            <line number="106" hits="1"/>
            <line number="107" hits="1"/>
            <line number="109" hits="1"/>
            <line number="114" hits="1"/>
            <line number="115" hits="1"/>
            <line number="116" hits="1"/>
            <line number="117" hits="1"/>
            <line number="118" hits="1"/>
            <line number="119" hits="1"/>
            <line number="125" hits="1"/>
            <line number="127" hits="1"/>
            <line number="129" hits="1"/>
            <line number="193" hits="1"/>
            <line number="194" hits="1"/>
            <line number="196" hits="1"/>
            <line number="198" hits="1"/>
            <line number="199" hits="1"/>
            <line number="200" hits="1"/>
            <line number="202" hits="1"/>
            <line number="203" hits="1"/>
            <line number="206" hits="1"/>
            <line number="207" hits="1"/>
            <line number="208" hits="1"/>
            <line number="209" hits="1"/>
            <line number="210" hits="0"/>
            <line number="212" hits="1"/>
            <line number="214" hits="1"/>
            <line number="215" hits="1"/>
            <line number="217" hits="1"/>
            <line number="218" hits="1"/>
            <line number="220" hits="1"/>
            <line number="222" hits="1"/>
            <line number="223" hits="1"/>
            <line number="226" hits="1"/>
            <line number="228" hits="1"/>
            <line number="229" hits="1"/>
            <line number="235" hits="1"/>
            <line number="236" hits="1"/>
            <line number="237" hits="0"/>
            <line number="238" hits="0"/>
            <line number="241" hits="0"/>
            <line number="246" hits="0"/>
            <line number="254" hits="0"/>
            <line number="255" hits="0"/>
            <line number="256" hits="1"/>
            <line number="267" hits="1"/>
            <line number="268" hits="1"/>
            <line number="270" hits="1"/>
            <line number="271" hits="1"/>
            <line number="272" hits="1"/>
            <line number="273" hits="1"/>
            <line number="274" hits="1"/>
            <line number="284" hits="1"/>
            <line number="285" hits="1"/>
            <line number="286" hits="1"/>
            <line number="292" hits="1"/>
            <line number="293" hits="1"/>
            <line number="294" hits="1"/>
            <line number="300" hits="1"/>
            <line number="301" hits="1"/>
            <line number="302" hits="1"/>
            <line number="304" hits="1"/>
            <line number="305" hits="1"/>
            <line number="306" hits="1"/>
            <line number="308" hits="1"/>
            <line number="309" hits="1"/>
            <line number="310" hits="1"/>
            <line number="316" hits="1"/>
            <line number="317" hits="1"/>
            <line number="318" hits="1"/>
            <line number="324" hits="1"/>
            <line number="325" hits="1"/>
            <line number="326" hits="1"/>
            <line number="346" hits="1"/>
            <line number="347" hits="1"/>
            <line number="348" hits="1"/>
            <line number="364" hits="1"/>
            <line number="365" hits="1"/>
            <line number="366" hits="1"/>
          </lines>
        </class>
        <class name="LoggerConfig.h" filename="projects\Hahaha\core\include\utils\log\LoggerConfig.h" line-rate="1" branch-rate="0" complexity="0">
          <methods/>
          <lines>
            <line number="44" hits="1"/>
            <line number="47" hits="1"/>
            <line number="48" hits="1"/>
            <line number="65" hits="1"/>
            <line number="66" hits="1"/>
            <line number="67" hits="1"/>
            <line number="68" hits="1"/>
            <line number="70" hits="1"/>
            <line number="71" hits="1"/>
            <line number="72" hits="1"/>
            <line number="73" hits="1"/>
            <line number="75" hits="1"/>
            <line number="81" hits="1"/>
            <line number="82" hits="1"/>
            <line number="83" hits="1"/>
            <line number="89" hits="1"/>
            <line number="90" hits="1"/>
            <line number="91" hits="1"/>
            <line number="97" hits="1"/>
            <line number="98" hits="1"/>
            <line number="99" hits="1"/>
            <line number="105" hits="1"/>
            <line number="106" hits="1"/>
            <line number="107" hits="1"/>
            <line number="113" hits="1"/>
            <line number="114" hits="1"/>
            <line number="115" hits="1"/>
            <line number="121" hits="1"/>
            <line number="122" hits="1"/>
            <line number="123" hits="1"/>
            <line number="129" hits="1"/>
            <line number="130" hits="1"/>
            <line number="131" hits="1"/>
            <line number="137" hits="1"/>
            <line number="138" hits="1"/>
            <line number="139" hits="1"/>
            <line number="145" hits="1"/>
            <line number="146" hits="1"/>
            <line number="147" hits="1"/>
            <line number="154" hits="1"/>
            <line number="155" hits="1"/>
            <line number="156" hits="1"/>
          </lines>
        </class>
      </classes>
    </package>
  </packages>
</coverage>
